2024-06-18T08:49:40.715-04:00  WARN [, , cards 7792 --- [cards] [HikariPool-1 housekeeper] [                                                 ] com.zaxxer.hikari.pool.HikariPool        : HikariPool-1 - Thread starvation or clock leap detected (housekeeper delta=9h20m18s885ms98µs700ns).
2024-06-18T08:51:35.636-04:00  INFO [, , cards 7792 --- [cards] [AsyncResolver-bootstrap-executor-0] [                                                 ] c.n.d.s.r.aws.ConfigClusterResolver      : Resolving eureka endpoints via configuration
2024-06-18T08:56:35.645-04:00  INFO [, , cards 7792 --- [cards] [AsyncResolver-bootstrap-executor-0] [                                                 ] c.n.d.s.r.aws.ConfigClusterResolver      : Resolving eureka endpoints via configuration
2024-06-18T09:01:35.649-04:00  INFO [, , cards 7792 --- [cards] [AsyncResolver-bootstrap-executor-0] [                                                 ] c.n.d.s.r.aws.ConfigClusterResolver      : Resolving eureka endpoints via configuration
2024-06-18T09:37:58.004-04:00  WARN [, , cards 7792 --- [cards] [HikariPool-1 housekeeper] [                                                 ] com.zaxxer.hikari.pool.HikariPool        : HikariPool-1 - Thread starvation or clock leap detected (housekeeper delta=32m17s56ms638µs200ns).
2024-06-18T09:38:22.697-04:00  INFO [, , cards 7792 --- [cards] [AsyncResolver-bootstrap-executor-0] [                                                 ] c.n.d.s.r.aws.ConfigClusterResolver      : Resolving eureka endpoints via configuration
2024-06-18T09:43:22.711-04:00  INFO [, , cards 7792 --- [cards] [AsyncResolver-bootstrap-executor-0] [                                                 ] c.n.d.s.r.aws.ConfigClusterResolver      : Resolving eureka endpoints via configuration
2024-06-18T09:48:22.719-04:00  INFO [, , cards 7792 --- [cards] [AsyncResolver-bootstrap-executor-0] [                                                 ] c.n.d.s.r.aws.ConfigClusterResolver      : Resolving eureka endpoints via configuration
2024-06-18T09:53:22.735-04:00  INFO [, , cards 7792 --- [cards] [AsyncResolver-bootstrap-executor-0] [                                                 ] c.n.d.s.r.aws.ConfigClusterResolver      : Resolving eureka endpoints via configuration
2024-06-18T09:58:22.752-04:00  INFO [, , cards 7792 --- [cards] [AsyncResolver-bootstrap-executor-0] [                                                 ] c.n.d.s.r.aws.ConfigClusterResolver      : Resolving eureka endpoints via configuration
2024-06-18T10:03:22.756-04:00  INFO [, , cards 7792 --- [cards] [AsyncResolver-bootstrap-executor-0] [                                                 ] c.n.d.s.r.aws.ConfigClusterResolver      : Resolving eureka endpoints via configuration
2024-06-18T10:08:22.769-04:00  INFO [, , cards 7792 --- [cards] [AsyncResolver-bootstrap-executor-0] [                                                 ] c.n.d.s.r.aws.ConfigClusterResolver      : Resolving eureka endpoints via configuration
2024-06-18T10:13:22.784-04:00  INFO [, , cards 7792 --- [cards] [AsyncResolver-bootstrap-executor-0] [                                                 ] c.n.d.s.r.aws.ConfigClusterResolver      : Resolving eureka endpoints via configuration
2024-06-18T10:18:22.787-04:00  INFO [, , cards 7792 --- [cards] [AsyncResolver-bootstrap-executor-0] [                                                 ] c.n.d.s.r.aws.ConfigClusterResolver      : Resolving eureka endpoints via configuration
2024-06-18T10:23:22.795-04:00  INFO [, , cards 7792 --- [cards] [AsyncResolver-bootstrap-executor-0] [                                                 ] c.n.d.s.r.aws.ConfigClusterResolver      : Resolving eureka endpoints via configuration
2024-06-18T10:28:22.798-04:00  INFO [, , cards 7792 --- [cards] [AsyncResolver-bootstrap-executor-0] [                                                 ] c.n.d.s.r.aws.ConfigClusterResolver      : Resolving eureka endpoints via configuration
2024-06-18T10:33:22.814-04:00  INFO [, , cards 7792 --- [cards] [AsyncResolver-bootstrap-executor-0] [                                                 ] c.n.d.s.r.aws.ConfigClusterResolver      : Resolving eureka endpoints via configuration
2024-06-18T10:38:22.829-04:00  INFO [, , cards 7792 --- [cards] [AsyncResolver-bootstrap-executor-0] [                                                 ] c.n.d.s.r.aws.ConfigClusterResolver      : Resolving eureka endpoints via configuration
2024-06-18T10:43:22.836-04:00  INFO [, , cards 7792 --- [cards] [AsyncResolver-bootstrap-executor-0] [                                                 ] c.n.d.s.r.aws.ConfigClusterResolver      : Resolving eureka endpoints via configuration
2024-06-18T10:48:22.850-04:00  INFO [, , cards 7792 --- [cards] [AsyncResolver-bootstrap-executor-0] [                                                 ] c.n.d.s.r.aws.ConfigClusterResolver      : Resolving eureka endpoints via configuration
2024-06-18T10:53:22.858-04:00  INFO [, , cards 7792 --- [cards] [AsyncResolver-bootstrap-executor-0] [                                                 ] c.n.d.s.r.aws.ConfigClusterResolver      : Resolving eureka endpoints via configuration
2024-06-18T10:56:41.356-04:00  INFO [, , cards 7792 --- [cards] [File Watcher] [                                                 ] rtingClassPathChangeChangedEventListener : Restarting due to 1 class path change (0 additions, 0 deletions, 1 modification)
2024-06-18T10:56:41.497-04:00  INFO [, , cards 7792 --- [cards] [Thread-1] [                                                 ] o.s.c.n.e.s.EurekaServiceRegistry        : Unregistering application CARDS with eureka with status DOWN
2024-06-18T10:56:41.500-04:00  INFO [, , cards 7792 --- [cards] [Thread-1] [                                                 ] com.netflix.discovery.DiscoveryClient    : Saw local status change event StatusChangeEvent [timestamp=1718722601499, current=DOWN, previous=UP]
2024-06-18T10:56:41.507-04:00  INFO [, , cards 7792 --- [cards] [DiscoveryClient-InstanceInfoReplicator-0] [                                                 ] com.netflix.discovery.DiscoveryClient    : DiscoveryClient_CARDS/host.docker.internal:cards:9004: registering service...
2024-06-18T10:56:41.614-04:00  INFO [, , cards 7792 --- [cards] [DiscoveryClient-InstanceInfoReplicator-0] [                                                 ] com.netflix.discovery.DiscoveryClient    : DiscoveryClient_CARDS/host.docker.internal:cards:9004 - registration status: 204
2024-06-18T10:56:42.077-04:00  INFO [, , cards 7792 --- [cards] [Thread-1] [                                                 ] j.LocalContainerEntityManagerFactoryBean : Closing JPA EntityManagerFactory for persistence unit 'default'
2024-06-18T10:56:42.217-04:00  INFO [, , cards 7792 --- [cards] [Thread-1] [                                                 ] com.zaxxer.hikari.HikariDataSource       : HikariPool-1 - Shutdown initiated...
2024-06-18T10:56:42.267-04:00  INFO [, , cards 7792 --- [cards] [Thread-1] [                                                 ] com.zaxxer.hikari.HikariDataSource       : HikariPool-1 - Shutdown completed.
2024-06-18T10:56:42.810-04:00  INFO [, , cards 7792 --- [cards] [Thread-1] [                                                 ] com.netflix.discovery.DiscoveryClient    : Shutting down DiscoveryClient ...
2024-06-18T10:56:45.836-04:00  INFO [, , cards 7792 --- [cards] [Thread-1] [                                                 ] com.netflix.discovery.DiscoveryClient    : Unregistering ...
2024-06-18T10:56:45.874-04:00  INFO [, , cards 7792 --- [cards] [Thread-1] [                                                 ] com.netflix.discovery.DiscoveryClient    : DiscoveryClient_CARDS/host.docker.internal:cards:9004 - deregister  status: 200
2024-06-18T10:56:45.910-04:00  INFO [, , cards 7792 --- [cards] [Thread-1] [                                                 ] com.netflix.discovery.DiscoveryClient    : Completed shut down of DiscoveryClient
