2024-06-18T08:49:16.617-04:00  WARN [, , loans 22544 --- [loans] [HikariPool-1 housekeeper] [                                                 ] com.zaxxer.hikari.pool.HikariPool        : HikariPool-1 - Thread starvation or clock leap detected (housekeeper delta=9h20m18s880ms25µs300ns).
2024-06-18T08:51:39.720-04:00  INFO [, , loans 22544 --- [loans] [AsyncResolver-bootstrap-executor-0] [                                                 ] c.n.d.s.r.aws.ConfigClusterResolver      : Resolving eureka endpoints via configuration
2024-06-18T08:56:39.732-04:00  INFO [, , loans 22544 --- [loans] [AsyncResolver-bootstrap-executor-0] [                                                 ] c.n.d.s.r.aws.ConfigClusterResolver      : Resolving eureka endpoints via configuration
2024-06-18T09:01:39.748-04:00  INFO [, , loans 22544 --- [loans] [AsyncResolver-bootstrap-executor-0] [                                                 ] c.n.d.s.r.aws.ConfigClusterResolver      : Resolving eureka endpoints via configuration
2024-06-18T09:37:34.005-04:00  WARN [, , loans 22544 --- [loans] [HikariPool-1 housekeeper] [                                                 ] com.zaxxer.hikari.pool.HikariPool        : HikariPool-1 - Thread starvation or clock leap detected (housekeeper delta=32m17s68ms125µs500ns).
2024-06-18T09:38:26.796-04:00  INFO [, , loans 22544 --- [loans] [AsyncResolver-bootstrap-executor-0] [                                                 ] c.n.d.s.r.aws.ConfigClusterResolver      : Resolving eureka endpoints via configuration
2024-06-18T09:43:26.810-04:00  INFO [, , loans 22544 --- [loans] [AsyncResolver-bootstrap-executor-0] [                                                 ] c.n.d.s.r.aws.ConfigClusterResolver      : Resolving eureka endpoints via configuration
2024-06-18T09:48:26.816-04:00  INFO [, , loans 22544 --- [loans] [AsyncResolver-bootstrap-executor-0] [                                                 ] c.n.d.s.r.aws.ConfigClusterResolver      : Resolving eureka endpoints via configuration
2024-06-18T09:53:26.823-04:00  INFO [, , loans 22544 --- [loans] [AsyncResolver-bootstrap-executor-0] [                                                 ] c.n.d.s.r.aws.ConfigClusterResolver      : Resolving eureka endpoints via configuration
2024-06-18T09:58:26.826-04:00  INFO [, , loans 22544 --- [loans] [AsyncResolver-bootstrap-executor-0] [                                                 ] c.n.d.s.r.aws.ConfigClusterResolver      : Resolving eureka endpoints via configuration
2024-06-18T10:03:26.841-04:00  INFO [, , loans 22544 --- [loans] [AsyncResolver-bootstrap-executor-0] [                                                 ] c.n.d.s.r.aws.ConfigClusterResolver      : Resolving eureka endpoints via configuration
2024-06-18T10:08:26.844-04:00  INFO [, , loans 22544 --- [loans] [AsyncResolver-bootstrap-executor-0] [                                                 ] c.n.d.s.r.aws.ConfigClusterResolver      : Resolving eureka endpoints via configuration
2024-06-18T10:13:26.852-04:00  INFO [, , loans 22544 --- [loans] [AsyncResolver-bootstrap-executor-0] [                                                 ] c.n.d.s.r.aws.ConfigClusterResolver      : Resolving eureka endpoints via configuration
2024-06-18T10:18:26.866-04:00  INFO [, , loans 22544 --- [loans] [AsyncResolver-bootstrap-executor-0] [                                                 ] c.n.d.s.r.aws.ConfigClusterResolver      : Resolving eureka endpoints via configuration
2024-06-18T10:23:26.883-04:00  INFO [, , loans 22544 --- [loans] [AsyncResolver-bootstrap-executor-0] [                                                 ] c.n.d.s.r.aws.ConfigClusterResolver      : Resolving eureka endpoints via configuration
2024-06-18T10:28:26.887-04:00  INFO [, , loans 22544 --- [loans] [AsyncResolver-bootstrap-executor-0] [                                                 ] c.n.d.s.r.aws.ConfigClusterResolver      : Resolving eureka endpoints via configuration
2024-06-18T10:33:26.893-04:00  INFO [, , loans 22544 --- [loans] [AsyncResolver-bootstrap-executor-0] [                                                 ] c.n.d.s.r.aws.ConfigClusterResolver      : Resolving eureka endpoints via configuration
2024-06-18T10:38:26.911-04:00  INFO [, , loans 22544 --- [loans] [AsyncResolver-bootstrap-executor-0] [                                                 ] c.n.d.s.r.aws.ConfigClusterResolver      : Resolving eureka endpoints via configuration
2024-06-18T10:43:26.921-04:00  INFO [, , loans 22544 --- [loans] [AsyncResolver-bootstrap-executor-0] [                                                 ] c.n.d.s.r.aws.ConfigClusterResolver      : Resolving eureka endpoints via configuration
2024-06-18T10:48:26.922-04:00  INFO [, , loans 22544 --- [loans] [AsyncResolver-bootstrap-executor-0] [                                                 ] c.n.d.s.r.aws.ConfigClusterResolver      : Resolving eureka endpoints via configuration
2024-06-18T10:53:26.936-04:00  INFO [, , loans 22544 --- [loans] [AsyncResolver-bootstrap-executor-0] [                                                 ] c.n.d.s.r.aws.ConfigClusterResolver      : Resolving eureka endpoints via configuration
2024-06-18T10:56:51.749-04:00  INFO [, , loans 22544 --- [loans] [File Watcher] [                                                 ] rtingClassPathChangeChangedEventListener : Restarting due to 1 class path change (0 additions, 0 deletions, 1 modification)
2024-06-18T10:56:51.840-04:00  INFO [, , loans 22544 --- [loans] [Thread-1] [                                                 ] o.s.c.n.e.s.EurekaServiceRegistry        : Unregistering application LOANS with eureka with status DOWN
2024-06-18T10:56:51.843-04:00  INFO [, , loans 22544 --- [loans] [Thread-1] [                                                 ] com.netflix.discovery.DiscoveryClient    : Saw local status change event StatusChangeEvent [timestamp=1718722611843, current=DOWN, previous=UP]
2024-06-18T10:56:51.847-04:00  INFO [, , loans 22544 --- [loans] [DiscoveryClient-InstanceInfoReplicator-0] [                                                 ] com.netflix.discovery.DiscoveryClient    : DiscoveryClient_LOANS/host.docker.internal:loans:9005: registering service...
2024-06-18T10:56:51.906-04:00  INFO [, , loans 22544 --- [loans] [DiscoveryClient-InstanceInfoReplicator-0] [                                                 ] com.netflix.discovery.DiscoveryClient    : DiscoveryClient_LOANS/host.docker.internal:loans:9005 - registration status: 204
2024-06-18T10:56:52.309-04:00  INFO [, , loans 22544 --- [loans] [Thread-1] [                                                 ] j.LocalContainerEntityManagerFactoryBean : Closing JPA EntityManagerFactory for persistence unit 'default'
2024-06-18T10:56:52.437-04:00  INFO [, , loans 22544 --- [loans] [Thread-1] [                                                 ] com.zaxxer.hikari.HikariDataSource       : HikariPool-1 - Shutdown initiated...
2024-06-18T10:56:52.488-04:00  INFO [, , loans 22544 --- [loans] [Thread-1] [                                                 ] com.zaxxer.hikari.HikariDataSource       : HikariPool-1 - Shutdown completed.
2024-06-18T10:56:53.458-04:00  INFO [, , loans 22544 --- [loans] [Thread-1] [                                                 ] com.netflix.discovery.DiscoveryClient    : Shutting down DiscoveryClient ...
2024-06-18T10:56:56.479-04:00  INFO [, , loans 22544 --- [loans] [Thread-1] [                                                 ] com.netflix.discovery.DiscoveryClient    : Unregistering ...
2024-06-18T10:56:56.518-04:00  INFO [, , loans 22544 --- [loans] [Thread-1] [                                                 ] com.netflix.discovery.DiscoveryClient    : DiscoveryClient_LOANS/host.docker.internal:loans:9005 - deregister  status: 200
2024-06-18T10:56:56.543-04:00  INFO [, , loans 22544 --- [loans] [Thread-1] [                                                 ] com.netflix.discovery.DiscoveryClient    : Completed shut down of DiscoveryClient
