2024-06-18T11:06:09.462-04:00  INFO [, , accounts 7876 --- [accounts] [restartedMain] [                                                 ] c.j.accounts.AccountsApplication         : Starting AccountsApplication using Java 17.0.11 with PID 7876 (C:\Users\Administrator\workspace\BankAppWorkSpace\accounts\target\classes started by Administrator in C:\Users\Administrator\workspace\BankAppWorkSpace\accounts)
2024-06-18T11:06:09.463-04:00  INFO [, , accounts 7876 --- [accounts] [restartedMain] [                                                 ] c.j.accounts.AccountsApplication         : No active profile set, falling back to 1 default profile: "default"
2024-06-18T11:06:09.991-04:00  INFO [, , accounts 7876 --- [accounts] [restartedMain] [                                                 ] .s.d.r.c.RepositoryConfigurationDelegate : Bootstrapping Spring Data JPA repositories in DEFAULT mode.
2024-06-18T11:06:10.005-04:00  INFO [, , accounts 7876 --- [accounts] [restartedMain] [                                                 ] .s.d.r.c.RepositoryConfigurationDelegate : Finished Spring Data repository scanning in 13 ms. Found 2 JPA repository interfaces.
2024-06-18T11:06:10.119-04:00  INFO [, , accounts 7876 --- [accounts] [restartedMain] [                                                 ] o.s.cloud.context.scope.GenericScope     : BeanFactory id=59083746-6ee7-39e2-95b8-e71eff2e4b4d
2024-06-18T11:06:10.191-04:00  WARN [, , accounts 7876 --- [accounts] [restartedMain] [                                                 ] trationDelegate$BeanPostProcessorChecker : Bean 'org.springframework.cloud.client.loadbalancer.LoadBalancerAutoConfiguration$DeferringLoadBalancerInterceptorConfig' of type [org.springframework.cloud.client.loadbalancer.LoadBalancerAutoConfiguration$DeferringLoadBalancerInterceptorConfig] is not eligible for getting processed by all BeanPostProcessors (for example: not eligible for auto-proxying). The currently created BeanPostProcessor [lbRestClientPostProcessor] is declared through a non-static factory method on that class; consider declaring it as static instead.
2024-06-18T11:06:10.195-04:00  WARN [, , accounts 7876 --- [accounts] [restartedMain] [                                                 ] trationDelegate$BeanPostProcessorChecker : Bean 'deferringLoadBalancerInterceptor' of type [org.springframework.cloud.client.loadbalancer.DeferringLoadBalancerInterceptor] is not eligible for getting processed by all BeanPostProcessors (for example: not eligible for auto-proxying). Is this bean getting eagerly injected into a currently created BeanPostProcessor [lbRestClientPostProcessor]? Check the corresponding BeanPostProcessor declaration and its dependencies.
2024-06-18T11:06:10.387-04:00  INFO [, , accounts 7876 --- [accounts] [restartedMain] [                                                 ] o.s.b.w.embedded.tomcat.TomcatWebServer  : Tomcat initialized with port 9003 (http)
2024-06-18T11:06:10.387-04:00  INFO [, , accounts 7876 --- [accounts] [restartedMain] [                                                 ] o.apache.catalina.core.StandardService   : Starting service [Tomcat]
2024-06-18T11:06:10.388-04:00  INFO [, , accounts 7876 --- [accounts] [restartedMain] [                                                 ] o.apache.catalina.core.StandardEngine    : Starting Servlet engine: [Apache Tomcat/10.1.24]
2024-06-18T11:06:10.429-04:00  INFO [, , accounts 7876 --- [accounts] [restartedMain] [                                                 ] o.a.c.c.C.[Tomcat].[localhost].[/]       : Initializing Spring embedded WebApplicationContext
2024-06-18T11:06:10.430-04:00  INFO [, , accounts 7876 --- [accounts] [restartedMain] [                                                 ] w.s.c.ServletWebServerApplicationContext : Root WebApplicationContext: initialization completed in 966 ms
2024-06-18T11:06:10.879-04:00  INFO [, , accounts 7876 --- [accounts] [restartedMain] [                                                 ] o.hibernate.jpa.internal.util.LogHelper  : HHH000204: Processing PersistenceUnitInfo [name: default]
2024-06-18T11:06:10.884-04:00  INFO [, , accounts 7876 --- [accounts] [restartedMain] [                                                 ] o.h.c.internal.RegionFactoryInitiator    : HHH000026: Second-level cache disabled
2024-06-18T11:06:10.898-04:00  INFO [, , accounts 7876 --- [accounts] [restartedMain] [                                                 ] o.s.o.j.p.SpringPersistenceUnitInfo      : No LoadTimeWeaver setup: ignoring JPA class transformer
2024-06-18T11:06:10.900-04:00  INFO [, , accounts 7876 --- [accounts] [restartedMain] [                                                 ] com.zaxxer.hikari.HikariDataSource       : HikariPool-2 - Starting...
2024-06-18T11:06:10.917-04:00  INFO [, , accounts 7876 --- [accounts] [restartedMain] [                                                 ] com.zaxxer.hikari.pool.HikariPool        : HikariPool-2 - Added connection com.mysql.cj.jdbc.ConnectionImpl@5cf74263
2024-06-18T11:06:10.917-04:00  INFO [, , accounts 7876 --- [accounts] [restartedMain] [                                                 ] com.zaxxer.hikari.HikariDataSource       : HikariPool-2 - Start completed.
2024-06-18T11:06:10.980-04:00  INFO [, , accounts 7876 --- [accounts] [restartedMain] [                                                 ] o.h.e.t.j.p.i.JtaPlatformInitiator       : HHH000489: No JTA platform available (set 'hibernate.transaction.jta.platform' to enable JTA platform integration)
2024-06-18T11:06:10.993-04:00  INFO [, , accounts 7876 --- [accounts] [restartedMain] [                                                 ] j.LocalContainerEntityManagerFactoryBean : Initialized JPA EntityManagerFactory for persistence unit 'default'
2024-06-18T11:06:11.313-04:00  WARN [, , accounts 7876 --- [accounts] [restartedMain] [                                                 ] JpaBaseConfiguration$JpaWebConfiguration : spring.jpa.open-in-view is enabled by default. Therefore, database queries may be performed during view rendering. Explicitly configure spring.jpa.open-in-view to disable this warning
2024-06-18T11:06:11.411-04:00  WARN [, , accounts 7876 --- [accounts] [restartedMain] [                                                 ] o.s.b.d.a.OptionalLiveReloadServer       : Unable to start LiveReload server
2024-06-18T11:06:11.575-04:00  INFO [, , accounts 7876 --- [accounts] [restartedMain] [                                                 ] o.s.c.openfeign.FeignClientFactoryBean   : For 'CARDS' URL not provided. Will try picking an instance via load-balancing.
2024-06-18T11:06:11.739-04:00  INFO [, , accounts 7876 --- [accounts] [restartedMain] [                                                 ] o.s.c.openfeign.FeignClientFactoryBean   : For 'LOANS' URL not provided. Will try picking an instance via load-balancing.
2024-06-18T11:06:13.166-04:00  INFO [, , accounts 7876 --- [accounts] [restartedMain] [                                                 ] DiscoveryClientOptionalArgsConfiguration : Eureka HTTP Client uses RestTemplate.
2024-06-18T11:06:13.219-04:00  WARN [, , accounts 7876 --- [accounts] [restartedMain] [                                                 ] iguration$LoadBalancerCaffeineWarnLogger : Spring Cloud LoadBalancer is currently working with the default cache. While this cache implementation is useful for development and tests, it's recommended to use Caffeine cache in production.You can switch to using Caffeine cache, by adding it and org.springframework.cache.caffeine.CaffeineCacheManager to the classpath.
2024-06-18T11:06:13.240-04:00  INFO [, , accounts 7876 --- [accounts] [restartedMain] [                                                 ] o.s.b.a.e.web.EndpointLinksResolver      : Exposing 26 endpoints beneath base path '/actuator'
2024-06-18T11:06:13.295-04:00  INFO [, , accounts 7876 --- [accounts] [restartedMain] [                                                 ] o.s.c.n.eureka.InstanceInfoFactory       : Setting initial instance status as: STARTING
2024-06-18T11:06:13.300-04:00  INFO [, , accounts 7876 --- [accounts] [restartedMain] [                                                 ] com.netflix.discovery.DiscoveryClient    : Initializing Eureka in region us-east-1
2024-06-18T11:06:13.301-04:00  INFO [, , accounts 7876 --- [accounts] [restartedMain] [                                                 ] c.n.d.s.r.aws.ConfigClusterResolver      : Resolving eureka endpoints via configuration
2024-06-18T11:06:13.308-04:00  INFO [, , accounts 7876 --- [accounts] [restartedMain] [                                                 ] com.netflix.discovery.DiscoveryClient    : Disable delta property : false
2024-06-18T11:06:13.308-04:00  INFO [, , accounts 7876 --- [accounts] [restartedMain] [                                                 ] com.netflix.discovery.DiscoveryClient    : Single vip registry refresh property : null
2024-06-18T11:06:13.308-04:00  INFO [, , accounts 7876 --- [accounts] [restartedMain] [                                                 ] com.netflix.discovery.DiscoveryClient    : Force full registry fetch : false
2024-06-18T11:06:13.308-04:00  INFO [, , accounts 7876 --- [accounts] [restartedMain] [                                                 ] com.netflix.discovery.DiscoveryClient    : Application is null : false
2024-06-18T11:06:13.308-04:00  INFO [, , accounts 7876 --- [accounts] [restartedMain] [                                                 ] com.netflix.discovery.DiscoveryClient    : Registered Applications size is zero : true
2024-06-18T11:06:13.308-04:00  INFO [, , accounts 7876 --- [accounts] [restartedMain] [                                                 ] com.netflix.discovery.DiscoveryClient    : Application version is -1: true
2024-06-18T11:06:13.308-04:00  INFO [, , accounts 7876 --- [accounts] [restartedMain] [                                                 ] com.netflix.discovery.DiscoveryClient    : Getting all instance registry info from the eureka server
2024-06-18T11:06:13.343-04:00  INFO [, , accounts 7876 --- [accounts] [restartedMain] [                                                 ] com.netflix.discovery.DiscoveryClient    : The response status is 200
2024-06-18T11:06:13.344-04:00  INFO [, , accounts 7876 --- [accounts] [restartedMain] [                                                 ] com.netflix.discovery.DiscoveryClient    : Starting heartbeat executor: renew interval is: 30
2024-06-18T11:06:13.345-04:00  INFO [, , accounts 7876 --- [accounts] [restartedMain] [                                                 ] c.n.discovery.InstanceInfoReplicator     : InstanceInfoReplicator onDemand update allowed rate per min is 4
2024-06-18T11:06:13.345-04:00  INFO [, , accounts 7876 --- [accounts] [restartedMain] [                                                 ] com.netflix.discovery.DiscoveryClient    : Discovery Client initialized at timestamp 1718723173345 with initial instances count: 4
2024-06-18T11:06:13.357-04:00  INFO [, , accounts 7876 --- [accounts] [restartedMain] [                                                 ] o.s.c.n.e.s.EurekaServiceRegistry        : Registering application ACCOUNTS with eureka with status UP
2024-06-18T11:06:13.357-04:00  INFO [, , accounts 7876 --- [accounts] [restartedMain] [                                                 ] com.netflix.discovery.DiscoveryClient    : Saw local status change event StatusChangeEvent [timestamp=1718723173357, current=UP, previous=STARTING]
2024-06-18T11:06:13.358-04:00  INFO [, , accounts 7876 --- [accounts] [DiscoveryClient-InstanceInfoReplicator-0] [                                                 ] com.netflix.discovery.DiscoveryClient    : DiscoveryClient_ACCOUNTS/host.docker.internal:accounts:9003: registering service...
2024-06-18T11:06:13.360-04:00  INFO [, , accounts 7876 --- [accounts] [restartedMain] [                                                 ] o.s.b.w.embedded.tomcat.TomcatWebServer  : Tomcat started on port 9003 (http) with context path '/'
2024-06-18T11:06:13.361-04:00  INFO [, , accounts 7876 --- [accounts] [restartedMain] [                                                 ] .s.c.n.e.s.EurekaAutoServiceRegistration : Updating port to 9003
2024-06-18T11:06:13.374-04:00  INFO [, , accounts 7876 --- [accounts] [DiscoveryClient-InstanceInfoReplicator-0] [                                                 ] com.netflix.discovery.DiscoveryClient    : DiscoveryClient_ACCOUNTS/host.docker.internal:accounts:9003 - registration status: 204
2024-06-18T11:06:13.492-04:00  INFO [, , accounts 7876 --- [accounts] [restartedMain] [                                                 ] c.j.accounts.AccountsApplication         : Started AccountsApplication in 4.18 seconds (process running for 229.946)
2024-06-18T11:06:13.495-04:00  INFO [, , accounts 7876 --- [accounts] [restartedMain] [                                                 ] .ConditionEvaluationDeltaLoggingListener : Condition evaluation unchanged
2024-06-18T11:06:23.170-04:00  INFO [, , accounts 7876 --- [accounts] [RMI TCP Connection(16)-127.0.0.1] [                                                 ] inMXBeanRegistrar$SpringApplicationAdmin : Application shutdown requested.
2024-06-18T11:06:23.171-04:00  INFO [, , accounts 7876 --- [accounts] [RMI TCP Connection(16)-127.0.0.1] [                                                 ] o.s.c.n.e.s.EurekaServiceRegistry        : Unregistering application ACCOUNTS with eureka with status DOWN
2024-06-18T11:06:23.171-04:00  INFO [, , accounts 7876 --- [accounts] [RMI TCP Connection(16)-127.0.0.1] [                                                 ] com.netflix.discovery.DiscoveryClient    : Saw local status change event StatusChangeEvent [timestamp=1718723183171, current=DOWN, previous=UP]
2024-06-18T11:06:23.171-04:00  INFO [, , accounts 7876 --- [accounts] [DiscoveryClient-InstanceInfoReplicator-0] [                                                 ] com.netflix.discovery.DiscoveryClient    : DiscoveryClient_ACCOUNTS/host.docker.internal:accounts:9003: registering service...
2024-06-18T11:06:23.192-04:00  INFO [, , accounts 7876 --- [accounts] [RMI TCP Connection(16)-127.0.0.1] [                                                 ] j.LocalContainerEntityManagerFactoryBean : Closing JPA EntityManagerFactory for persistence unit 'default'
2024-06-18T11:06:23.193-04:00  INFO [, , accounts 7876 --- [accounts] [DiscoveryClient-InstanceInfoReplicator-0] [                                                 ] com.netflix.discovery.DiscoveryClient    : DiscoveryClient_ACCOUNTS/host.docker.internal:accounts:9003 - registration status: 204
2024-06-18T11:06:23.193-04:00  INFO [, , accounts 7876 --- [accounts] [RMI TCP Connection(16)-127.0.0.1] [                                                 ] com.zaxxer.hikari.HikariDataSource       : HikariPool-2 - Shutdown initiated...
2024-06-18T11:06:23.199-04:00  INFO [, , accounts 7876 --- [accounts] [RMI TCP Connection(16)-127.0.0.1] [                                                 ] com.zaxxer.hikari.HikariDataSource       : HikariPool-2 - Shutdown completed.
2024-06-18T11:06:23.447-04:00  INFO [, , accounts 7876 --- [accounts] [RMI TCP Connection(16)-127.0.0.1] [                                                 ] com.netflix.discovery.DiscoveryClient    : Shutting down DiscoveryClient ...
2024-06-18T11:06:26.449-04:00  INFO [, , accounts 7876 --- [accounts] [RMI TCP Connection(16)-127.0.0.1] [                                                 ] com.netflix.discovery.DiscoveryClient    : Unregistering ...
2024-06-18T11:06:26.468-04:00  INFO [, , accounts 7876 --- [accounts] [RMI TCP Connection(16)-127.0.0.1] [                                                 ] com.netflix.discovery.DiscoveryClient    : DiscoveryClient_ACCOUNTS/host.docker.internal:accounts:9003 - deregister  status: 200
2024-06-18T11:06:26.471-04:00  INFO [, , accounts 7876 --- [accounts] [RMI TCP Connection(16)-127.0.0.1] [                                                 ] com.netflix.discovery.DiscoveryClient    : Completed shut down of DiscoveryClient
2024-06-18T11:06:30.164-04:00  INFO [, , accounts 19956 --- [accounts] [restartedMain] [                                                 ] c.j.accounts.AccountsApplication         : Starting AccountsApplication using Java 17.0.11 with PID 19956 (C:\Users\Administrator\workspace\BankAppWorkSpace\accounts\target\classes started by Administrator in C:\Users\Administrator\workspace\BankAppWorkSpace\accounts)
2024-06-18T11:06:30.168-04:00  INFO [, , accounts 19956 --- [accounts] [restartedMain] [                                                 ] c.j.accounts.AccountsApplication         : No active profile set, falling back to 1 default profile: "default"
2024-06-18T11:06:30.223-04:00  INFO [, , accounts 19956 --- [accounts] [restartedMain] [                                                 ] .e.DevToolsPropertyDefaultsPostProcessor : Devtools property defaults active! Set 'spring.devtools.add-properties' to 'false' to disable
2024-06-18T11:06:30.224-04:00  INFO [, , accounts 19956 --- [accounts] [restartedMain] [                                                 ] .e.DevToolsPropertyDefaultsPostProcessor : For additional web related logging consider setting the 'logging.level.web' property to 'DEBUG'
2024-06-18T11:06:31.930-04:00  INFO [, , accounts 19956 --- [accounts] [restartedMain] [                                                 ] .s.d.r.c.RepositoryConfigurationDelegate : Bootstrapping Spring Data JPA repositories in DEFAULT mode.
2024-06-18T11:06:32.139-04:00  INFO [, , accounts 19956 --- [accounts] [restartedMain] [                                                 ] .s.d.r.c.RepositoryConfigurationDelegate : Finished Spring Data repository scanning in 198 ms. Found 2 JPA repository interfaces.
2024-06-18T11:06:32.578-04:00  INFO [, , accounts 19956 --- [accounts] [restartedMain] [                                                 ] o.s.cloud.context.scope.GenericScope     : BeanFactory id=59083746-6ee7-39e2-95b8-e71eff2e4b4d
2024-06-18T11:06:33.001-04:00  WARN [, , accounts 19956 --- [accounts] [restartedMain] [                                                 ] trationDelegate$BeanPostProcessorChecker : Bean 'org.springframework.cloud.client.loadbalancer.LoadBalancerAutoConfiguration$DeferringLoadBalancerInterceptorConfig' of type [org.springframework.cloud.client.loadbalancer.LoadBalancerAutoConfiguration$DeferringLoadBalancerInterceptorConfig] is not eligible for getting processed by all BeanPostProcessors (for example: not eligible for auto-proxying). The currently created BeanPostProcessor [lbRestClientPostProcessor] is declared through a non-static factory method on that class; consider declaring it as static instead.
2024-06-18T11:06:33.007-04:00  WARN [, , accounts 19956 --- [accounts] [restartedMain] [                                                 ] trationDelegate$BeanPostProcessorChecker : Bean 'deferringLoadBalancerInterceptor' of type [org.springframework.cloud.client.loadbalancer.DeferringLoadBalancerInterceptor] is not eligible for getting processed by all BeanPostProcessors (for example: not eligible for auto-proxying). Is this bean getting eagerly injected into a currently created BeanPostProcessor [lbRestClientPostProcessor]? Check the corresponding BeanPostProcessor declaration and its dependencies.
2024-06-18T11:06:33.577-04:00  INFO [, , accounts 19956 --- [accounts] [restartedMain] [                                                 ] o.s.b.w.embedded.tomcat.TomcatWebServer  : Tomcat initialized with port 9003 (http)
2024-06-18T11:06:33.590-04:00  INFO [, , accounts 19956 --- [accounts] [restartedMain] [                                                 ] o.apache.catalina.core.StandardService   : Starting service [Tomcat]
2024-06-18T11:06:33.591-04:00  INFO [, , accounts 19956 --- [accounts] [restartedMain] [                                                 ] o.apache.catalina.core.StandardEngine    : Starting Servlet engine: [Apache Tomcat/10.1.24]
2024-06-18T11:06:33.684-04:00  INFO [, , accounts 19956 --- [accounts] [restartedMain] [                                                 ] o.a.c.c.C.[Tomcat].[localhost].[/]       : Initializing Spring embedded WebApplicationContext
2024-06-18T11:06:33.684-04:00  INFO [, , accounts 19956 --- [accounts] [restartedMain] [                                                 ] w.s.c.ServletWebServerApplicationContext : Root WebApplicationContext: initialization completed in 3460 ms
2024-06-18T11:06:34.778-04:00  INFO [, , accounts 19956 --- [accounts] [restartedMain] [                                                 ] o.hibernate.jpa.internal.util.LogHelper  : HHH000204: Processing PersistenceUnitInfo [name: default]
2024-06-18T11:06:34.859-04:00  INFO [, , accounts 19956 --- [accounts] [restartedMain] [                                                 ] org.hibernate.Version                    : HHH000412: Hibernate ORM core version 6.5.2.Final
2024-06-18T11:06:34.932-04:00  INFO [, , accounts 19956 --- [accounts] [restartedMain] [                                                 ] o.h.c.internal.RegionFactoryInitiator    : HHH000026: Second-level cache disabled
2024-06-18T11:06:35.369-04:00  INFO [, , accounts 19956 --- [accounts] [restartedMain] [                                                 ] o.s.o.j.p.SpringPersistenceUnitInfo      : No LoadTimeWeaver setup: ignoring JPA class transformer
2024-06-18T11:06:35.408-04:00  INFO [, , accounts 19956 --- [accounts] [restartedMain] [                                                 ] com.zaxxer.hikari.HikariDataSource       : HikariPool-1 - Starting...
2024-06-18T11:06:35.731-04:00  INFO [, , accounts 19956 --- [accounts] [restartedMain] [                                                 ] com.zaxxer.hikari.pool.HikariPool        : HikariPool-1 - Added connection com.mysql.cj.jdbc.ConnectionImpl@71d89478
2024-06-18T11:06:35.734-04:00  INFO [, , accounts 19956 --- [accounts] [restartedMain] [                                                 ] com.zaxxer.hikari.HikariDataSource       : HikariPool-1 - Start completed.
2024-06-18T11:06:37.061-04:00  INFO [, , accounts 19956 --- [accounts] [restartedMain] [                                                 ] o.h.e.t.j.p.i.JtaPlatformInitiator       : HHH000489: No JTA platform available (set 'hibernate.transaction.jta.platform' to enable JTA platform integration)
2024-06-18T11:06:37.123-04:00  INFO [, , accounts 19956 --- [accounts] [restartedMain] [                                                 ] j.LocalContainerEntityManagerFactoryBean : Initialized JPA EntityManagerFactory for persistence unit 'default'
2024-06-18T11:06:38.004-04:00  WARN [, , accounts 19956 --- [accounts] [restartedMain] [                                                 ] JpaBaseConfiguration$JpaWebConfiguration : spring.jpa.open-in-view is enabled by default. Therefore, database queries may be performed during view rendering. Explicitly configure spring.jpa.open-in-view to disable this warning
2024-06-18T11:06:38.194-04:00  INFO [, , accounts 19956 --- [accounts] [restartedMain] [                                                 ] o.s.b.d.a.OptionalLiveReloadServer       : LiveReload server is running on port 35729
2024-06-18T11:06:38.445-04:00  INFO [, , accounts 19956 --- [accounts] [restartedMain] [                                                 ] o.s.c.openfeign.FeignClientFactoryBean   : For 'CARDS' URL not provided. Will try picking an instance via load-balancing.
2024-06-18T11:06:38.764-04:00  INFO [, , accounts 19956 --- [accounts] [restartedMain] [                                                 ] o.s.c.openfeign.FeignClientFactoryBean   : For 'LOANS' URL not provided. Will try picking an instance via load-balancing.
2024-06-18T11:06:41.372-04:00  INFO [, , accounts 19956 --- [accounts] [restartedMain] [                                                 ] DiscoveryClientOptionalArgsConfiguration : Eureka HTTP Client uses RestTemplate.
2024-06-18T11:06:41.475-04:00  WARN [, , accounts 19956 --- [accounts] [restartedMain] [                                                 ] iguration$LoadBalancerCaffeineWarnLogger : Spring Cloud LoadBalancer is currently working with the default cache. While this cache implementation is useful for development and tests, it's recommended to use Caffeine cache in production.You can switch to using Caffeine cache, by adding it and org.springframework.cache.caffeine.CaffeineCacheManager to the classpath.
2024-06-18T11:06:41.515-04:00  INFO [, , accounts 19956 --- [accounts] [restartedMain] [                                                 ] o.s.b.a.e.web.EndpointLinksResolver      : Exposing 26 endpoints beneath base path '/actuator'
2024-06-18T11:06:41.684-04:00  INFO [, , accounts 19956 --- [accounts] [restartedMain] [                                                 ] o.s.c.n.eureka.InstanceInfoFactory       : Setting initial instance status as: STARTING
2024-06-18T11:06:41.736-04:00  INFO [, , accounts 19956 --- [accounts] [restartedMain] [                                                 ] com.netflix.discovery.DiscoveryClient    : Initializing Eureka in region us-east-1
2024-06-18T11:06:41.746-04:00  INFO [, , accounts 19956 --- [accounts] [restartedMain] [                                                 ] c.n.d.s.r.aws.ConfigClusterResolver      : Resolving eureka endpoints via configuration
2024-06-18T11:06:41.783-04:00  INFO [, , accounts 19956 --- [accounts] [restartedMain] [                                                 ] com.netflix.discovery.DiscoveryClient    : Disable delta property : false
2024-06-18T11:06:41.785-04:00  INFO [, , accounts 19956 --- [accounts] [restartedMain] [                                                 ] com.netflix.discovery.DiscoveryClient    : Single vip registry refresh property : null
2024-06-18T11:06:41.786-04:00  INFO [, , accounts 19956 --- [accounts] [restartedMain] [                                                 ] com.netflix.discovery.DiscoveryClient    : Force full registry fetch : false
2024-06-18T11:06:41.786-04:00  INFO [, , accounts 19956 --- [accounts] [restartedMain] [                                                 ] com.netflix.discovery.DiscoveryClient    : Application is null : false
2024-06-18T11:06:41.786-04:00  INFO [, , accounts 19956 --- [accounts] [restartedMain] [                                                 ] com.netflix.discovery.DiscoveryClient    : Registered Applications size is zero : true
2024-06-18T11:06:41.786-04:00  INFO [, , accounts 19956 --- [accounts] [restartedMain] [                                                 ] com.netflix.discovery.DiscoveryClient    : Application version is -1: true
2024-06-18T11:06:41.786-04:00  INFO [, , accounts 19956 --- [accounts] [restartedMain] [                                                 ] com.netflix.discovery.DiscoveryClient    : Getting all instance registry info from the eureka server
2024-06-18T11:06:42.235-04:00  INFO [, , accounts 19956 --- [accounts] [restartedMain] [                                                 ] com.netflix.discovery.DiscoveryClient    : The response status is 200
2024-06-18T11:06:42.238-04:00  INFO [, , accounts 19956 --- [accounts] [restartedMain] [                                                 ] com.netflix.discovery.DiscoveryClient    : Starting heartbeat executor: renew interval is: 30
2024-06-18T11:06:42.242-04:00  INFO [, , accounts 19956 --- [accounts] [restartedMain] [                                                 ] c.n.discovery.InstanceInfoReplicator     : InstanceInfoReplicator onDemand update allowed rate per min is 4
2024-06-18T11:06:42.254-04:00  INFO [, , accounts 19956 --- [accounts] [restartedMain] [                                                 ] com.netflix.discovery.DiscoveryClient    : Discovery Client initialized at timestamp 1718723202252 with initial instances count: 0
2024-06-18T11:06:42.280-04:00  INFO [, , accounts 19956 --- [accounts] [restartedMain] [                                                 ] o.s.c.n.e.s.EurekaServiceRegistry        : Registering application ACCOUNTS with eureka with status UP
2024-06-18T11:06:42.282-04:00  INFO [, , accounts 19956 --- [accounts] [restartedMain] [                                                 ] com.netflix.discovery.DiscoveryClient    : Saw local status change event StatusChangeEvent [timestamp=1718723202282, current=UP, previous=STARTING]
2024-06-18T11:06:42.287-04:00  INFO [, , accounts 19956 --- [accounts] [DiscoveryClient-InstanceInfoReplicator-0] [                                                 ] com.netflix.discovery.DiscoveryClient    : DiscoveryClient_ACCOUNTS/host.docker.internal:accounts:9003: registering service...
2024-06-18T11:06:42.328-04:00  INFO [, , accounts 19956 --- [accounts] [restartedMain] [                                                 ] o.s.b.w.embedded.tomcat.TomcatWebServer  : Tomcat started on port 9003 (http) with context path '/'
2024-06-18T11:06:42.333-04:00  INFO [, , accounts 19956 --- [accounts] [restartedMain] [                                                 ] .s.c.n.e.s.EurekaAutoServiceRegistration : Updating port to 9003
2024-06-18T11:06:42.487-04:00  INFO [, , accounts 19956 --- [accounts] [DiscoveryClient-InstanceInfoReplicator-0] [                                                 ] com.netflix.discovery.DiscoveryClient    : DiscoveryClient_ACCOUNTS/host.docker.internal:accounts:9003 - registration status: 204
2024-06-18T11:06:42.563-04:00  INFO [, , accounts 19956 --- [accounts] [restartedMain] [                                                 ] c.j.accounts.AccountsApplication         : Started AccountsApplication in 13.08 seconds (process running for 13.971)
2024-06-18T11:06:43.124-04:00  INFO [, , accounts 19956 --- [accounts] [RMI TCP Connection(6)-127.0.0.1] [                                                 ] o.a.c.c.C.[Tomcat].[localhost].[/]       : Initializing Spring DispatcherServlet 'dispatcherServlet'
2024-06-18T11:06:43.125-04:00  INFO [, , accounts 19956 --- [accounts] [RMI TCP Connection(6)-127.0.0.1] [                                                 ] o.s.web.servlet.DispatcherServlet        : Initializing Servlet 'dispatcherServlet'
2024-06-18T11:06:43.128-04:00  INFO [, , accounts 19956 --- [accounts] [RMI TCP Connection(6)-127.0.0.1] [                                                 ] o.s.web.servlet.DispatcherServlet        : Completed initialization in 3 ms
2024-06-18T11:07:12.254-04:00  INFO [, , accounts 19956 --- [accounts] [DiscoveryClient-CacheRefreshExecutor-0] [                                                 ] com.netflix.discovery.DiscoveryClient    : Disable delta property : false
2024-06-18T11:07:12.254-04:00  INFO [, , accounts 19956 --- [accounts] [DiscoveryClient-CacheRefreshExecutor-0] [                                                 ] com.netflix.discovery.DiscoveryClient    : Single vip registry refresh property : null
2024-06-18T11:07:12.254-04:00  INFO [, , accounts 19956 --- [accounts] [DiscoveryClient-CacheRefreshExecutor-0] [                                                 ] com.netflix.discovery.DiscoveryClient    : Force full registry fetch : false
2024-06-18T11:07:12.254-04:00  INFO [, , accounts 19956 --- [accounts] [DiscoveryClient-CacheRefreshExecutor-0] [                                                 ] com.netflix.discovery.DiscoveryClient    : Application is null : false
2024-06-18T11:07:12.254-04:00  INFO [, , accounts 19956 --- [accounts] [DiscoveryClient-CacheRefreshExecutor-0] [                                                 ] com.netflix.discovery.DiscoveryClient    : Registered Applications size is zero : true
2024-06-18T11:07:12.254-04:00  INFO [, , accounts 19956 --- [accounts] [DiscoveryClient-CacheRefreshExecutor-0] [                                                 ] com.netflix.discovery.DiscoveryClient    : Application version is -1: false
2024-06-18T11:07:12.254-04:00  INFO [, , accounts 19956 --- [accounts] [DiscoveryClient-CacheRefreshExecutor-0] [                                                 ] com.netflix.discovery.DiscoveryClient    : Getting all instance registry info from the eureka server
2024-06-18T11:07:12.281-04:00  INFO [, , accounts 19956 --- [accounts] [DiscoveryClient-CacheRefreshExecutor-0] [                                                 ] com.netflix.discovery.DiscoveryClient    : The response status is 200
2024-06-18T11:07:23.683-04:00  INFO [6671a2abe84e87e91bcbb21b959e155f, 75d4c1648fc10d85, accounts 19956 --- [accounts] [http-nio-9003-exec-1] [6671a2abe84e87e91bcbb21b959e155f-75d4c1648fc10d85] c.j.a.controller.CustomerController      : CustomerController :: fetchCustomerDetails: 7047561165
2024-06-18T11:11:41.842-04:00  INFO [, , accounts 19956 --- [accounts] [AsyncResolver-bootstrap-executor-0] [                                                 ] c.n.d.s.r.aws.ConfigClusterResolver      : Resolving eureka endpoints via configuration
2024-06-18T11:16:41.871-04:00  INFO [, , accounts 19956 --- [accounts] [AsyncResolver-bootstrap-executor-0] [                                                 ] c.n.d.s.r.aws.ConfigClusterResolver      : Resolving eureka endpoints via configuration
2024-06-18T11:21:41.882-04:00  INFO [, , accounts 19956 --- [accounts] [AsyncResolver-bootstrap-executor-0] [                                                 ] c.n.d.s.r.aws.ConfigClusterResolver      : Resolving eureka endpoints via configuration
2024-06-18T11:26:41.896-04:00  INFO [, , accounts 19956 --- [accounts] [AsyncResolver-bootstrap-executor-0] [                                                 ] c.n.d.s.r.aws.ConfigClusterResolver      : Resolving eureka endpoints via configuration
2024-06-18T11:31:41.915-04:00  INFO [, , accounts 19956 --- [accounts] [AsyncResolver-bootstrap-executor-0] [                                                 ] c.n.d.s.r.aws.ConfigClusterResolver      : Resolving eureka endpoints via configuration
