2024-06-18T11:06:44.097-04:00  INFO [, , gatewayserver 908 --- [gatewayserver] [main] [                                                 ] c.j.gateway.GatewayserverApplication     : Starting GatewayserverApplication using Java 17.0.11 with PID 908 (C:\Users\Administrator\workspace\BankAppWorkSpace\gatewayserver\target\classes started by Administrator in C:\Users\Administrator\workspace\BankAppWorkSpace\gatewayserver)
2024-06-18T11:06:44.101-04:00  INFO [, , gatewayserver 908 --- [gatewayserver] [main] [                                                 ] c.j.gateway.GatewayserverApplication     : No active profile set, falling back to 1 default profile: "default"
2024-06-18T11:06:45.321-04:00  INFO [, , gatewayserver 908 --- [gatewayserver] [main] [                                                 ] o.s.cloud.context.scope.GenericScope     : BeanFactory id=f2a4c33b-f667-3768-8ba2-083d29e422b4
2024-06-18T11:06:45.414-04:00  WARN [, , gatewayserver 908 --- [gatewayserver] [main] [                                                 ] trationDelegate$BeanPostProcessorChecker : Bean 'org.springframework.cloud.client.loadbalancer.LoadBalancerAutoConfiguration$DeferringLoadBalancerInterceptorConfig' of type [org.springframework.cloud.client.loadbalancer.LoadBalancerAutoConfiguration$DeferringLoadBalancerInterceptorConfig] is not eligible for getting processed by all BeanPostProcessors (for example: not eligible for auto-proxying). The currently created BeanPostProcessor [lbRestClientPostProcessor] is declared through a non-static factory method on that class; consider declaring it as static instead.
2024-06-18T11:06:45.419-04:00  WARN [, , gatewayserver 908 --- [gatewayserver] [main] [                                                 ] trationDelegate$BeanPostProcessorChecker : Bean 'deferringLoadBalancerInterceptor' of type [org.springframework.cloud.client.loadbalancer.DeferringLoadBalancerInterceptor] is not eligible for getting processed by all BeanPostProcessors (for example: not eligible for auto-proxying). Is this bean getting eagerly injected into a currently created BeanPostProcessor [lbRestClientPostProcessor]? Check the corresponding BeanPostProcessor declaration and its dependencies.
2024-06-18T11:06:45.421-04:00  WARN [, , gatewayserver 908 --- [gatewayserver] [main] [                                                 ] trationDelegate$BeanPostProcessorChecker : Bean 'org.springframework.cloud.client.loadbalancer.reactive.LoadBalancerBeanPostProcessorAutoConfiguration' of type [org.springframework.cloud.client.loadbalancer.reactive.LoadBalancerBeanPostProcessorAutoConfiguration] is not eligible for getting processed by all BeanPostProcessors (for example: not eligible for auto-proxying). The currently created BeanPostProcessor [loadBalancerWebClientBuilderBeanPostProcessor] is declared through a non-static factory method on that class; consider declaring it as static instead.
2024-06-18T11:06:45.422-04:00  WARN [, , gatewayserver 908 --- [gatewayserver] [main] [                                                 ] trationDelegate$BeanPostProcessorChecker : Bean 'org.springframework.cloud.client.loadbalancer.reactive.LoadBalancerBeanPostProcessorAutoConfiguration$ReactorDeferringLoadBalancerFilterConfig' of type [org.springframework.cloud.client.loadbalancer.reactive.LoadBalancerBeanPostProcessorAutoConfiguration$ReactorDeferringLoadBalancerFilterConfig] is not eligible for getting processed by all BeanPostProcessors (for example: not eligible for auto-proxying). Is this bean getting eagerly injected into a currently created BeanPostProcessor [loadBalancerWebClientBuilderBeanPostProcessor]? Check the corresponding BeanPostProcessor declaration and its dependencies.
2024-06-18T11:06:45.423-04:00  WARN [, , gatewayserver 908 --- [gatewayserver] [main] [                                                 ] trationDelegate$BeanPostProcessorChecker : Bean 'reactorDeferringLoadBalancerExchangeFilterFunction' of type [org.springframework.cloud.client.loadbalancer.reactive.DeferringLoadBalancerExchangeFilterFunction] is not eligible for getting processed by all BeanPostProcessors (for example: not eligible for auto-proxying). Is this bean getting eagerly injected into a currently created BeanPostProcessor [loadBalancerWebClientBuilderBeanPostProcessor]? Check the corresponding BeanPostProcessor declaration and its dependencies.
2024-06-18T11:06:46.581-04:00  INFO [, , gatewayserver 908 --- [gatewayserver] [main] [                                                 ] o.s.c.g.r.RouteDefinitionRouteLocator    : Loaded RoutePredicateFactory [After]
2024-06-18T11:06:46.581-04:00  INFO [, , gatewayserver 908 --- [gatewayserver] [main] [                                                 ] o.s.c.g.r.RouteDefinitionRouteLocator    : Loaded RoutePredicateFactory [Before]
2024-06-18T11:06:46.581-04:00  INFO [, , gatewayserver 908 --- [gatewayserver] [main] [                                                 ] o.s.c.g.r.RouteDefinitionRouteLocator    : Loaded RoutePredicateFactory [Between]
2024-06-18T11:06:46.581-04:00  INFO [, , gatewayserver 908 --- [gatewayserver] [main] [                                                 ] o.s.c.g.r.RouteDefinitionRouteLocator    : Loaded RoutePredicateFactory [Cookie]
2024-06-18T11:06:46.582-04:00  INFO [, , gatewayserver 908 --- [gatewayserver] [main] [                                                 ] o.s.c.g.r.RouteDefinitionRouteLocator    : Loaded RoutePredicateFactory [Header]
2024-06-18T11:06:46.582-04:00  INFO [, , gatewayserver 908 --- [gatewayserver] [main] [                                                 ] o.s.c.g.r.RouteDefinitionRouteLocator    : Loaded RoutePredicateFactory [Host]
2024-06-18T11:06:46.582-04:00  INFO [, , gatewayserver 908 --- [gatewayserver] [main] [                                                 ] o.s.c.g.r.RouteDefinitionRouteLocator    : Loaded RoutePredicateFactory [Method]
2024-06-18T11:06:46.582-04:00  INFO [, , gatewayserver 908 --- [gatewayserver] [main] [                                                 ] o.s.c.g.r.RouteDefinitionRouteLocator    : Loaded RoutePredicateFactory [Path]
2024-06-18T11:06:46.582-04:00  INFO [, , gatewayserver 908 --- [gatewayserver] [main] [                                                 ] o.s.c.g.r.RouteDefinitionRouteLocator    : Loaded RoutePredicateFactory [Query]
2024-06-18T11:06:46.582-04:00  INFO [, , gatewayserver 908 --- [gatewayserver] [main] [                                                 ] o.s.c.g.r.RouteDefinitionRouteLocator    : Loaded RoutePredicateFactory [ReadBody]
2024-06-18T11:06:46.582-04:00  INFO [, , gatewayserver 908 --- [gatewayserver] [main] [                                                 ] o.s.c.g.r.RouteDefinitionRouteLocator    : Loaded RoutePredicateFactory [RemoteAddr]
2024-06-18T11:06:46.583-04:00  INFO [, , gatewayserver 908 --- [gatewayserver] [main] [                                                 ] o.s.c.g.r.RouteDefinitionRouteLocator    : Loaded RoutePredicateFactory [XForwardedRemoteAddr]
2024-06-18T11:06:46.583-04:00  INFO [, , gatewayserver 908 --- [gatewayserver] [main] [                                                 ] o.s.c.g.r.RouteDefinitionRouteLocator    : Loaded RoutePredicateFactory [Weight]
2024-06-18T11:06:46.583-04:00  INFO [, , gatewayserver 908 --- [gatewayserver] [main] [                                                 ] o.s.c.g.r.RouteDefinitionRouteLocator    : Loaded RoutePredicateFactory [CloudFoundryRouteService]
2024-06-18T11:06:46.990-04:00  INFO [, , gatewayserver 908 --- [gatewayserver] [main] [                                                 ] o.s.b.a.e.web.EndpointLinksResolver      : Exposing 19 endpoints beneath base path '/actuator'
2024-06-18T11:06:47.435-04:00  INFO [, , gatewayserver 908 --- [gatewayserver] [main] [                                                 ] DiscoveryClientOptionalArgsConfiguration : Eureka HTTP Client uses RestTemplate.
2024-06-18T11:06:47.470-04:00  WARN [, , gatewayserver 908 --- [gatewayserver] [main] [                                                 ] iguration$LoadBalancerCaffeineWarnLogger : Spring Cloud LoadBalancer is currently working with the default cache. While this cache implementation is useful for development and tests, it's recommended to use Caffeine cache in production.You can switch to using Caffeine cache, by adding it and org.springframework.cache.caffeine.CaffeineCacheManager to the classpath.
2024-06-18T11:06:47.556-04:00  INFO [, , gatewayserver 908 --- [gatewayserver] [main] [                                                 ] o.s.c.n.eureka.InstanceInfoFactory       : Setting initial instance status as: STARTING
2024-06-18T11:06:47.605-04:00  INFO [, , gatewayserver 908 --- [gatewayserver] [main] [                                                 ] com.netflix.discovery.DiscoveryClient    : Initializing Eureka in region us-east-1
2024-06-18T11:06:47.615-04:00  INFO [, , gatewayserver 908 --- [gatewayserver] [main] [                                                 ] c.n.d.s.r.aws.ConfigClusterResolver      : Resolving eureka endpoints via configuration
2024-06-18T11:06:47.652-04:00  INFO [, , gatewayserver 908 --- [gatewayserver] [main] [                                                 ] com.netflix.discovery.DiscoveryClient    : Disable delta property : false
2024-06-18T11:06:47.652-04:00  INFO [, , gatewayserver 908 --- [gatewayserver] [main] [                                                 ] com.netflix.discovery.DiscoveryClient    : Single vip registry refresh property : null
2024-06-18T11:06:47.652-04:00  INFO [, , gatewayserver 908 --- [gatewayserver] [main] [                                                 ] com.netflix.discovery.DiscoveryClient    : Force full registry fetch : false
2024-06-18T11:06:47.652-04:00  INFO [, , gatewayserver 908 --- [gatewayserver] [main] [                                                 ] com.netflix.discovery.DiscoveryClient    : Application is null : false
2024-06-18T11:06:47.652-04:00  INFO [, , gatewayserver 908 --- [gatewayserver] [main] [                                                 ] com.netflix.discovery.DiscoveryClient    : Registered Applications size is zero : true
2024-06-18T11:06:47.653-04:00  INFO [, , gatewayserver 908 --- [gatewayserver] [main] [                                                 ] com.netflix.discovery.DiscoveryClient    : Application version is -1: true
2024-06-18T11:06:47.653-04:00  INFO [, , gatewayserver 908 --- [gatewayserver] [main] [                                                 ] com.netflix.discovery.DiscoveryClient    : Getting all instance registry info from the eureka server
2024-06-18T11:06:48.142-04:00  INFO [, , gatewayserver 908 --- [gatewayserver] [main] [                                                 ] com.netflix.discovery.DiscoveryClient    : The response status is 200
2024-06-18T11:06:48.144-04:00  INFO [, , gatewayserver 908 --- [gatewayserver] [main] [                                                 ] com.netflix.discovery.DiscoveryClient    : Starting heartbeat executor: renew interval is: 30
2024-06-18T11:06:48.147-04:00  INFO [, , gatewayserver 908 --- [gatewayserver] [main] [                                                 ] c.n.discovery.InstanceInfoReplicator     : InstanceInfoReplicator onDemand update allowed rate per min is 4
2024-06-18T11:06:48.155-04:00  INFO [, , gatewayserver 908 --- [gatewayserver] [main] [                                                 ] com.netflix.discovery.DiscoveryClient    : Discovery Client initialized at timestamp 1718723208154 with initial instances count: 0
2024-06-18T11:06:48.158-04:00  INFO [, , gatewayserver 908 --- [gatewayserver] [main] [                                                 ] o.s.c.n.e.s.EurekaServiceRegistry        : Registering application GATEWAYSERVER with eureka with status UP
2024-06-18T11:06:48.159-04:00  INFO [, , gatewayserver 908 --- [gatewayserver] [main] [                                                 ] com.netflix.discovery.DiscoveryClient    : Saw local status change event StatusChangeEvent [timestamp=1718723208159, current=UP, previous=STARTING]
2024-06-18T11:06:48.161-04:00  INFO [, , gatewayserver 908 --- [gatewayserver] [DiscoveryClient-InstanceInfoReplicator-0] [                                                 ] com.netflix.discovery.DiscoveryClient    : DiscoveryClient_GATEWAYSERVER/host.docker.internal:gatewayserver:9006: registering service...
2024-06-18T11:06:48.218-04:00  INFO [, , gatewayserver 908 --- [gatewayserver] [DiscoveryClient-InstanceInfoReplicator-0] [                                                 ] com.netflix.discovery.DiscoveryClient    : DiscoveryClient_GATEWAYSERVER/host.docker.internal:gatewayserver:9006 - registration status: 204
2024-06-18T11:06:48.475-04:00  INFO [, , gatewayserver 908 --- [gatewayserver] [main] [                                                 ] o.s.b.web.embedded.netty.NettyWebServer  : Netty started on port 9006 (http)
2024-06-18T11:06:48.476-04:00  INFO [, , gatewayserver 908 --- [gatewayserver] [main] [                                                 ] .s.c.n.e.s.EurekaAutoServiceRegistration : Updating port to 9006
2024-06-18T11:06:48.813-04:00  INFO [, , gatewayserver 908 --- [gatewayserver] [main] [                                                 ] c.j.gateway.GatewayserverApplication     : Started GatewayserverApplication in 5.423 seconds (process running for 6.366)
2024-06-18T11:07:18.152-04:00  INFO [, , gatewayserver 908 --- [gatewayserver] [DiscoveryClient-CacheRefreshExecutor-0] [                                                 ] com.netflix.discovery.DiscoveryClient    : Disable delta property : false
2024-06-18T11:07:18.153-04:00  INFO [, , gatewayserver 908 --- [gatewayserver] [DiscoveryClient-CacheRefreshExecutor-0] [                                                 ] com.netflix.discovery.DiscoveryClient    : Single vip registry refresh property : null
2024-06-18T11:07:18.154-04:00  INFO [, , gatewayserver 908 --- [gatewayserver] [DiscoveryClient-CacheRefreshExecutor-0] [                                                 ] com.netflix.discovery.DiscoveryClient    : Force full registry fetch : false
2024-06-18T11:07:18.154-04:00  INFO [, , gatewayserver 908 --- [gatewayserver] [DiscoveryClient-CacheRefreshExecutor-0] [                                                 ] com.netflix.discovery.DiscoveryClient    : Application is null : false
2024-06-18T11:07:18.155-04:00  INFO [, , gatewayserver 908 --- [gatewayserver] [DiscoveryClient-CacheRefreshExecutor-0] [                                                 ] com.netflix.discovery.DiscoveryClient    : Registered Applications size is zero : true
2024-06-18T11:07:18.155-04:00  INFO [, , gatewayserver 908 --- [gatewayserver] [DiscoveryClient-CacheRefreshExecutor-0] [                                                 ] com.netflix.discovery.DiscoveryClient    : Application version is -1: false
2024-06-18T11:07:18.155-04:00  INFO [, , gatewayserver 908 --- [gatewayserver] [DiscoveryClient-CacheRefreshExecutor-0] [                                                 ] com.netflix.discovery.DiscoveryClient    : Getting all instance registry info from the eureka server
2024-06-18T11:07:18.185-04:00  INFO [, , gatewayserver 908 --- [gatewayserver] [DiscoveryClient-CacheRefreshExecutor-0] [                                                 ] com.netflix.discovery.DiscoveryClient    : The response status is 200
2024-06-18T11:11:47.675-04:00  INFO [, , gatewayserver 908 --- [gatewayserver] [AsyncResolver-bootstrap-executor-0] [                                                 ] c.n.d.s.r.aws.ConfigClusterResolver      : Resolving eureka endpoints via configuration
2024-06-18T11:16:47.696-04:00  INFO [, , gatewayserver 908 --- [gatewayserver] [AsyncResolver-bootstrap-executor-0] [                                                 ] c.n.d.s.r.aws.ConfigClusterResolver      : Resolving eureka endpoints via configuration
2024-06-18T11:21:47.704-04:00  INFO [, , gatewayserver 908 --- [gatewayserver] [AsyncResolver-bootstrap-executor-0] [                                                 ] c.n.d.s.r.aws.ConfigClusterResolver      : Resolving eureka endpoints via configuration
2024-06-18T11:26:47.719-04:00  INFO [, , gatewayserver 908 --- [gatewayserver] [AsyncResolver-bootstrap-executor-0] [                                                 ] c.n.d.s.r.aws.ConfigClusterResolver      : Resolving eureka endpoints via configuration
2024-06-18T11:31:47.729-04:00  INFO [, , gatewayserver 908 --- [gatewayserver] [AsyncResolver-bootstrap-executor-0] [                                                 ] c.n.d.s.r.aws.ConfigClusterResolver      : Resolving eureka endpoints via configuration
