2024-06-18T08:49:27.677-04:00  WARN [, , accounts 5512 --- [accounts] [HikariPool-1 housekeeper] [                                                 ] com.zaxxer.hikari.pool.HikariPool        : HikariPool-1 - Thread starvation or clock leap detected (housekeeper delta=9h20m18s885ms769µs400ns).
2024-06-18T08:51:21.658-04:00  INFO [, , accounts 5512 --- [accounts] [AsyncResolver-bootstrap-executor-0] [                                                 ] c.n.d.s.r.aws.ConfigClusterResolver      : Resolving eureka endpoints via configuration
2024-06-18T08:56:21.671-04:00  INFO [, , accounts 5512 --- [accounts] [AsyncResolver-bootstrap-executor-0] [                                                 ] c.n.d.s.r.aws.ConfigClusterResolver      : Resolving eureka endpoints via configuration
2024-06-18T09:01:21.684-04:00  INFO [, , accounts 5512 --- [accounts] [AsyncResolver-bootstrap-executor-0] [                                                 ] c.n.d.s.r.aws.ConfigClusterResolver      : Resolving eureka endpoints via configuration
2024-06-18T09:37:45.029-04:00  WARN [, , accounts 5512 --- [accounts] [HikariPool-1 housekeeper] [                                                 ] com.zaxxer.hikari.pool.HikariPool        : HikariPool-1 - Thread starvation or clock leap detected (housekeeper delta=32m17s58ms846µs400ns).
2024-06-18T09:38:08.743-04:00  INFO [, , accounts 5512 --- [accounts] [AsyncResolver-bootstrap-executor-0] [                                                 ] c.n.d.s.r.aws.ConfigClusterResolver      : Resolving eureka endpoints via configuration
2024-06-18T09:43:08.758-04:00  INFO [, , accounts 5512 --- [accounts] [AsyncResolver-bootstrap-executor-0] [                                                 ] c.n.d.s.r.aws.ConfigClusterResolver      : Resolving eureka endpoints via configuration
2024-06-18T09:48:08.769-04:00  INFO [, , accounts 5512 --- [accounts] [AsyncResolver-bootstrap-executor-0] [                                                 ] c.n.d.s.r.aws.ConfigClusterResolver      : Resolving eureka endpoints via configuration
2024-06-18T09:53:08.779-04:00  INFO [, , accounts 5512 --- [accounts] [AsyncResolver-bootstrap-executor-0] [                                                 ] c.n.d.s.r.aws.ConfigClusterResolver      : Resolving eureka endpoints via configuration
2024-06-18T09:58:08.783-04:00  INFO [, , accounts 5512 --- [accounts] [AsyncResolver-bootstrap-executor-0] [                                                 ] c.n.d.s.r.aws.ConfigClusterResolver      : Resolving eureka endpoints via configuration
2024-06-18T10:03:08.800-04:00  INFO [, , accounts 5512 --- [accounts] [AsyncResolver-bootstrap-executor-0] [                                                 ] c.n.d.s.r.aws.ConfigClusterResolver      : Resolving eureka endpoints via configuration
2024-06-18T10:08:08.820-04:00  INFO [, , accounts 5512 --- [accounts] [AsyncResolver-bootstrap-executor-0] [                                                 ] c.n.d.s.r.aws.ConfigClusterResolver      : Resolving eureka endpoints via configuration
2024-06-18T10:13:08.832-04:00  INFO [, , accounts 5512 --- [accounts] [AsyncResolver-bootstrap-executor-0] [                                                 ] c.n.d.s.r.aws.ConfigClusterResolver      : Resolving eureka endpoints via configuration
2024-06-18T10:18:08.837-04:00  INFO [, , accounts 5512 --- [accounts] [AsyncResolver-bootstrap-executor-0] [                                                 ] c.n.d.s.r.aws.ConfigClusterResolver      : Resolving eureka endpoints via configuration
2024-06-18T10:23:08.846-04:00  INFO [, , accounts 5512 --- [accounts] [AsyncResolver-bootstrap-executor-0] [                                                 ] c.n.d.s.r.aws.ConfigClusterResolver      : Resolving eureka endpoints via configuration
2024-06-18T10:28:08.863-04:00  INFO [, , accounts 5512 --- [accounts] [AsyncResolver-bootstrap-executor-0] [                                                 ] c.n.d.s.r.aws.ConfigClusterResolver      : Resolving eureka endpoints via configuration
2024-06-18T10:33:08.870-04:00  INFO [, , accounts 5512 --- [accounts] [AsyncResolver-bootstrap-executor-0] [                                                 ] c.n.d.s.r.aws.ConfigClusterResolver      : Resolving eureka endpoints via configuration
2024-06-18T10:38:08.886-04:00  INFO [, , accounts 5512 --- [accounts] [AsyncResolver-bootstrap-executor-0] [                                                 ] c.n.d.s.r.aws.ConfigClusterResolver      : Resolving eureka endpoints via configuration
2024-06-18T10:43:08.888-04:00  INFO [, , accounts 5512 --- [accounts] [AsyncResolver-bootstrap-executor-0] [                                                 ] c.n.d.s.r.aws.ConfigClusterResolver      : Resolving eureka endpoints via configuration
2024-06-18T10:48:08.903-04:00  INFO [, , accounts 5512 --- [accounts] [AsyncResolver-bootstrap-executor-0] [                                                 ] c.n.d.s.r.aws.ConfigClusterResolver      : Resolving eureka endpoints via configuration
2024-06-18T10:53:08.919-04:00  INFO [, , accounts 5512 --- [accounts] [AsyncResolver-bootstrap-executor-0] [                                                 ] c.n.d.s.r.aws.ConfigClusterResolver      : Resolving eureka endpoints via configuration
2024-06-18T10:56:25.109-04:00  INFO [, , accounts 5512 --- [accounts] [File Watcher] [                                                 ] rtingClassPathChangeChangedEventListener : Restarting due to 1 class path change (0 additions, 0 deletions, 1 modification)
2024-06-18T10:56:25.169-04:00  INFO [, , accounts 5512 --- [accounts] [Thread-5] [                                                 ] o.s.c.n.e.s.EurekaServiceRegistry        : Unregistering application ACCOUNTS with eureka with status DOWN
2024-06-18T10:56:25.171-04:00  INFO [, , accounts 5512 --- [accounts] [Thread-5] [                                                 ] com.netflix.discovery.DiscoveryClient    : Saw local status change event StatusChangeEvent [timestamp=1718722585171, current=DOWN, previous=UP]
2024-06-18T10:56:25.178-04:00  INFO [, , accounts 5512 --- [accounts] [DiscoveryClient-InstanceInfoReplicator-0] [                                                 ] com.netflix.discovery.DiscoveryClient    : DiscoveryClient_ACCOUNTS/host.docker.internal:accounts:9003: registering service...
2024-06-18T10:56:25.240-04:00  INFO [, , accounts 5512 --- [accounts] [DiscoveryClient-InstanceInfoReplicator-0] [                                                 ] com.netflix.discovery.DiscoveryClient    : DiscoveryClient_ACCOUNTS/host.docker.internal:accounts:9003 - registration status: 204
2024-06-18T10:56:25.582-04:00  INFO [, , accounts 5512 --- [accounts] [Thread-5] [                                                 ] j.LocalContainerEntityManagerFactoryBean : Closing JPA EntityManagerFactory for persistence unit 'default'
2024-06-18T10:56:25.653-04:00  INFO [, , accounts 5512 --- [accounts] [Thread-5] [                                                 ] com.zaxxer.hikari.HikariDataSource       : HikariPool-1 - Shutdown initiated...
2024-06-18T10:56:25.716-04:00  INFO [, , accounts 5512 --- [accounts] [Thread-5] [                                                 ] com.zaxxer.hikari.HikariDataSource       : HikariPool-1 - Shutdown completed.
2024-06-18T10:56:26.510-04:00  INFO [, , accounts 5512 --- [accounts] [Thread-5] [                                                 ] com.netflix.discovery.DiscoveryClient    : Shutting down DiscoveryClient ...
2024-06-18T10:56:29.538-04:00  INFO [, , accounts 5512 --- [accounts] [Thread-5] [                                                 ] com.netflix.discovery.DiscoveryClient    : Unregistering ...
2024-06-18T10:56:29.595-04:00  INFO [, , accounts 5512 --- [accounts] [Thread-5] [                                                 ] com.netflix.discovery.DiscoveryClient    : DiscoveryClient_ACCOUNTS/host.docker.internal:accounts:9003 - deregister  status: 200
2024-06-18T10:56:29.627-04:00  INFO [, , accounts 5512 --- [accounts] [Thread-5] [                                                 ] com.netflix.discovery.DiscoveryClient    : Completed shut down of DiscoveryClient
